2020-03-25 19:53:46,485 - Inputhandler - INFO - Unable to find the Xpath mouseClick - //*[@id="skip"]/button - Message: no such element: Unable to locate element: {"method":"xpath","selector":"//*[@id="skip"]/button"}
  (Session info: chrome=80.0.3987.149)
  (Driver info: chromedriver=2.43.600210 (68dcf5eebde37173d4027fa8635e332711d2874a),platform=Windows NT 10.0.18363 x86_64)

2020-03-25 19:53:46,507 - Inputhandler - INFO - Unable to find the Xpath mouseClick - //A[text()='UPDATE PROFILE'] - Message: no such element: Unable to locate element: {"method":"xpath","selector":"//A[text()='UPDATE PROFILE']"}
  (Session info: chrome=80.0.3987.149)
  (Driver info: chromedriver=2.43.600210 (68dcf5eebde37173d4027fa8635e332711d2874a),platform=Windows NT 10.0.18363 x86_64)

2020-03-25 19:53:46,524 - Inputhandler - INFO - Unable to find the Xpath mouseClick - (//span[@class='edit icon'])[1] - Message: no such element: Unable to locate element: {"method":"xpath","selector":"(//span[@class='edit icon'])[1]"}
  (Session info: chrome=80.0.3987.149)
  (Driver info: chromedriver=2.43.600210 (68dcf5eebde37173d4027fa8635e332711d2874a),platform=Windows NT 10.0.18363 x86_64)

2020-05-06 15:32:17,747 - Inputhandler - INFO - Unable to find the Xpath mouseClick - //*[@id="identifierNext"]/div[2] - Message: element click intercepted: Element <div class="ZFr60d CeoRYc"></div> is not clickable at point (658, 492). Other element would receive the click: <span class="RveJvd snByac">...</span>
  (Session info: chrome=81.0.4044.129)

2020-05-06 15:32:17,747 - Inputhandler - INFO - Unable to find the Xpath mouseClick - //*[@id="identifierNext"]/div[2] - Message: element click intercepted: Element <div class="ZFr60d CeoRYc"></div> is not clickable at point (658, 492). Other element would receive the click: <span class="RveJvd snByac">...</span>
  (Session info: chrome=81.0.4044.129)

2020-05-06 15:32:17,747 - Inputhandler - INFO - Unable to find the Xpath mouseClick - //*[@id="identifierNext"]/div[2] - Message: element click intercepted: Element <div class="ZFr60d CeoRYc"></div> is not clickable at point (658, 492). Other element would receive the click: <span class="RveJvd snByac">...</span>
  (Session info: chrome=81.0.4044.129)

2020-05-06 15:32:18,385 - Inputhandler - INFO - Unable to find the Xpath mouseClickSendKeyandTab - //*[@id="password"]/div[1]/div/div[1]/input - Message: no such element: Unable to locate element: {"method":"xpath","selector":"//*[@id="password"]/div[1]/div/div[1]/input"}
  (Session info: chrome=81.0.4044.129)

2020-05-06 15:32:18,385 - Inputhandler - INFO - Unable to find the Xpath mouseClickSendKeyandTab - //*[@id="password"]/div[1]/div/div[1]/input - Message: no such element: Unable to locate element: {"method":"xpath","selector":"//*[@id="password"]/div[1]/div/div[1]/input"}
  (Session info: chrome=81.0.4044.129)

2020-05-06 15:32:18,385 - Inputhandler - INFO - Unable to find the Xpath mouseClickSendKeyandTab - //*[@id="password"]/div[1]/div/div[1]/input - Message: no such element: Unable to locate element: {"method":"xpath","selector":"//*[@id="password"]/div[1]/div/div[1]/input"}
  (Session info: chrome=81.0.4044.129)

2020-05-06 15:32:18,400 - Inputhandler - INFO - Unable to find the Xpath mouseClick - //*[@id="passwordNext"]/div[2] - Message: no such element: Unable to locate element: {"method":"xpath","selector":"//*[@id="passwordNext"]/div[2]"}
  (Session info: chrome=81.0.4044.129)

2020-05-06 15:32:18,400 - Inputhandler - INFO - Unable to find the Xpath mouseClick - //*[@id="passwordNext"]/div[2] - Message: no such element: Unable to locate element: {"method":"xpath","selector":"//*[@id="passwordNext"]/div[2]"}
  (Session info: chrome=81.0.4044.129)

2020-05-06 15:32:18,400 - Inputhandler - INFO - Unable to find the Xpath mouseClick - //*[@id="passwordNext"]/div[2] - Message: no such element: Unable to locate element: {"method":"xpath","selector":"//*[@id="passwordNext"]/div[2]"}
  (Session info: chrome=81.0.4044.129)

2020-05-06 15:36:56,905 - Inputhandler - INFO - Unable to find the Xpath mouseClickSendKeyandTab - //*[@id="password"]/div[1]/div/div[1]/input - Message: no such element: Unable to locate element: {"method":"xpath","selector":"//*[@id="password"]/div[1]/div/div[1]/input"}
  (Session info: chrome=81.0.4044.129)

2020-05-06 15:36:56,905 - Inputhandler - INFO - Unable to find the Xpath mouseClickSendKeyandTab - //*[@id="password"]/div[1]/div/div[1]/input - Message: no such element: Unable to locate element: {"method":"xpath","selector":"//*[@id="password"]/div[1]/div/div[1]/input"}
  (Session info: chrome=81.0.4044.129)

2020-05-06 15:36:56,905 - Inputhandler - INFO - Unable to find the Xpath mouseClickSendKeyandTab - //*[@id="password"]/div[1]/div/div[1]/input - Message: no such element: Unable to locate element: {"method":"xpath","selector":"//*[@id="password"]/div[1]/div/div[1]/input"}
  (Session info: chrome=81.0.4044.129)

2020-05-06 15:36:56,905 - Inputhandler - INFO - Unable to find the Xpath mouseClickSendKeyandTab - //*[@id="password"]/div[1]/div/div[1]/input - Message: no such element: Unable to locate element: {"method":"xpath","selector":"//*[@id="password"]/div[1]/div/div[1]/input"}
  (Session info: chrome=81.0.4044.129)

2020-05-06 15:36:56,905 - Inputhandler - INFO - Unable to find the Xpath mouseClickSendKeyandTab - //*[@id="password"]/div[1]/div/div[1]/input - Message: no such element: Unable to locate element: {"method":"xpath","selector":"//*[@id="password"]/div[1]/div/div[1]/input"}
  (Session info: chrome=81.0.4044.129)

2020-05-06 15:36:56,922 - Inputhandler - INFO - Unable to find the Xpath mouseClick - //*[@id="passwordNext"]/span/span - Message: no such element: Unable to locate element: {"method":"xpath","selector":"//*[@id="passwordNext"]/span/span"}
  (Session info: chrome=81.0.4044.129)

2020-05-06 15:36:56,922 - Inputhandler - INFO - Unable to find the Xpath mouseClick - //*[@id="passwordNext"]/span/span - Message: no such element: Unable to locate element: {"method":"xpath","selector":"//*[@id="passwordNext"]/span/span"}
  (Session info: chrome=81.0.4044.129)

2020-05-06 15:36:56,922 - Inputhandler - INFO - Unable to find the Xpath mouseClick - //*[@id="passwordNext"]/span/span - Message: no such element: Unable to locate element: {"method":"xpath","selector":"//*[@id="passwordNext"]/span/span"}
  (Session info: chrome=81.0.4044.129)

2020-05-06 15:36:56,922 - Inputhandler - INFO - Unable to find the Xpath mouseClick - //*[@id="passwordNext"]/span/span - Message: no such element: Unable to locate element: {"method":"xpath","selector":"//*[@id="passwordNext"]/span/span"}
  (Session info: chrome=81.0.4044.129)

2020-05-06 15:36:56,922 - Inputhandler - INFO - Unable to find the Xpath mouseClick - //*[@id="passwordNext"]/span/span - Message: no such element: Unable to locate element: {"method":"xpath","selector":"//*[@id="passwordNext"]/span/span"}
  (Session info: chrome=81.0.4044.129)

2020-05-06 15:48:18,265 - Inputhandler - INFO - Unable to find the Xpath mouseClick - //*[@id="identifierNext"]/div[2] - Message: element click intercepted: Element <div class="ZFr60d CeoRYc"></div> is not clickable at point (658, 492). Other element would receive the click: <span class="RveJvd snByac">...</span>
  (Session info: chrome=81.0.4044.129)

2020-05-06 15:48:18,265 - Inputhandler - INFO - Unable to find the Xpath mouseClick - //*[@id="identifierNext"]/div[2] - Message: element click intercepted: Element <div class="ZFr60d CeoRYc"></div> is not clickable at point (658, 492). Other element would receive the click: <span class="RveJvd snByac">...</span>
  (Session info: chrome=81.0.4044.129)

2020-05-06 15:48:18,265 - Inputhandler - INFO - Unable to find the Xpath mouseClick - //*[@id="identifierNext"]/div[2] - Message: element click intercepted: Element <div class="ZFr60d CeoRYc"></div> is not clickable at point (658, 492). Other element would receive the click: <span class="RveJvd snByac">...</span>
  (Session info: chrome=81.0.4044.129)

2020-05-06 15:48:18,265 - Inputhandler - INFO - Unable to find the Xpath mouseClick - //*[@id="identifierNext"]/div[2] - Message: element click intercepted: Element <div class="ZFr60d CeoRYc"></div> is not clickable at point (658, 492). Other element would receive the click: <span class="RveJvd snByac">...</span>
  (Session info: chrome=81.0.4044.129)

2020-05-06 15:48:18,265 - Inputhandler - INFO - Unable to find the Xpath mouseClick - //*[@id="identifierNext"]/div[2] - Message: element click intercepted: Element <div class="ZFr60d CeoRYc"></div> is not clickable at point (658, 492). Other element would receive the click: <span class="RveJvd snByac">...</span>
  (Session info: chrome=81.0.4044.129)

2020-05-06 15:48:18,265 - Inputhandler - INFO - Unable to find the Xpath mouseClick - //*[@id="identifierNext"]/div[2] - Message: element click intercepted: Element <div class="ZFr60d CeoRYc"></div> is not clickable at point (658, 492). Other element would receive the click: <span class="RveJvd snByac">...</span>
  (Session info: chrome=81.0.4044.129)

2020-05-06 15:48:18,805 - Inputhandler - INFO - Unable to find the Xpath mouseClickSendKeyandTab - //*[@id="password"]/div[1]/div/div[1]/input - Message: no such element: Unable to locate element: {"method":"xpath","selector":"//*[@id="password"]/div[1]/div/div[1]/input"}
  (Session info: chrome=81.0.4044.129)

2020-05-06 15:48:18,805 - Inputhandler - INFO - Unable to find the Xpath mouseClickSendKeyandTab - //*[@id="password"]/div[1]/div/div[1]/input - Message: no such element: Unable to locate element: {"method":"xpath","selector":"//*[@id="password"]/div[1]/div/div[1]/input"}
  (Session info: chrome=81.0.4044.129)

2020-05-06 15:48:18,805 - Inputhandler - INFO - Unable to find the Xpath mouseClickSendKeyandTab - //*[@id="password"]/div[1]/div/div[1]/input - Message: no such element: Unable to locate element: {"method":"xpath","selector":"//*[@id="password"]/div[1]/div/div[1]/input"}
  (Session info: chrome=81.0.4044.129)

2020-05-06 15:48:18,805 - Inputhandler - INFO - Unable to find the Xpath mouseClickSendKeyandTab - //*[@id="password"]/div[1]/div/div[1]/input - Message: no such element: Unable to locate element: {"method":"xpath","selector":"//*[@id="password"]/div[1]/div/div[1]/input"}
  (Session info: chrome=81.0.4044.129)

2020-05-06 15:48:18,805 - Inputhandler - INFO - Unable to find the Xpath mouseClickSendKeyandTab - //*[@id="password"]/div[1]/div/div[1]/input - Message: no such element: Unable to locate element: {"method":"xpath","selector":"//*[@id="password"]/div[1]/div/div[1]/input"}
  (Session info: chrome=81.0.4044.129)

2020-05-06 15:48:18,805 - Inputhandler - INFO - Unable to find the Xpath mouseClickSendKeyandTab - //*[@id="password"]/div[1]/div/div[1]/input - Message: no such element: Unable to locate element: {"method":"xpath","selector":"//*[@id="password"]/div[1]/div/div[1]/input"}
  (Session info: chrome=81.0.4044.129)

2020-05-06 15:48:18,820 - Inputhandler - INFO - Unable to find the Xpath mouseClick - //*[@id="passwordNext"]/div[2] - Message: no such element: Unable to locate element: {"method":"xpath","selector":"//*[@id="passwordNext"]/div[2]"}
  (Session info: chrome=81.0.4044.129)

2020-05-06 15:48:18,820 - Inputhandler - INFO - Unable to find the Xpath mouseClick - //*[@id="passwordNext"]/div[2] - Message: no such element: Unable to locate element: {"method":"xpath","selector":"//*[@id="passwordNext"]/div[2]"}
  (Session info: chrome=81.0.4044.129)

2020-05-06 15:48:18,820 - Inputhandler - INFO - Unable to find the Xpath mouseClick - //*[@id="passwordNext"]/div[2] - Message: no such element: Unable to locate element: {"method":"xpath","selector":"//*[@id="passwordNext"]/div[2]"}
  (Session info: chrome=81.0.4044.129)

2020-05-06 15:48:18,820 - Inputhandler - INFO - Unable to find the Xpath mouseClick - //*[@id="passwordNext"]/div[2] - Message: no such element: Unable to locate element: {"method":"xpath","selector":"//*[@id="passwordNext"]/div[2]"}
  (Session info: chrome=81.0.4044.129)

2020-05-06 15:48:18,820 - Inputhandler - INFO - Unable to find the Xpath mouseClick - //*[@id="passwordNext"]/div[2] - Message: no such element: Unable to locate element: {"method":"xpath","selector":"//*[@id="passwordNext"]/div[2]"}
  (Session info: chrome=81.0.4044.129)

2020-05-06 15:48:18,820 - Inputhandler - INFO - Unable to find the Xpath mouseClick - //*[@id="passwordNext"]/div[2] - Message: no such element: Unable to locate element: {"method":"xpath","selector":"//*[@id="passwordNext"]/div[2]"}
  (Session info: chrome=81.0.4044.129)

2020-05-06 15:53:41,356 - Inputhandler - INFO - Unable to find the Xpath mouseClick - //*[@id="identifierNext"]/div[2] - Message: element click intercepted: Element <div class="ZFr60d CeoRYc"></div> is not clickable at point (658, 492). Other element would receive the click: <span class="RveJvd snByac">...</span>
  (Session info: chrome=81.0.4044.129)

2020-05-06 15:53:41,356 - Inputhandler - INFO - Unable to find the Xpath mouseClick - //*[@id="identifierNext"]/div[2] - Message: element click intercepted: Element <div class="ZFr60d CeoRYc"></div> is not clickable at point (658, 492). Other element would receive the click: <span class="RveJvd snByac">...</span>
  (Session info: chrome=81.0.4044.129)

2020-05-06 15:53:41,356 - Inputhandler - INFO - Unable to find the Xpath mouseClick - //*[@id="identifierNext"]/div[2] - Message: element click intercepted: Element <div class="ZFr60d CeoRYc"></div> is not clickable at point (658, 492). Other element would receive the click: <span class="RveJvd snByac">...</span>
  (Session info: chrome=81.0.4044.129)

2020-05-06 15:53:41,356 - Inputhandler - INFO - Unable to find the Xpath mouseClick - //*[@id="identifierNext"]/div[2] - Message: element click intercepted: Element <div class="ZFr60d CeoRYc"></div> is not clickable at point (658, 492). Other element would receive the click: <span class="RveJvd snByac">...</span>
  (Session info: chrome=81.0.4044.129)

2020-05-06 15:53:41,356 - Inputhandler - INFO - Unable to find the Xpath mouseClick - //*[@id="identifierNext"]/div[2] - Message: element click intercepted: Element <div class="ZFr60d CeoRYc"></div> is not clickable at point (658, 492). Other element would receive the click: <span class="RveJvd snByac">...</span>
  (Session info: chrome=81.0.4044.129)

2020-05-06 15:53:41,356 - Inputhandler - INFO - Unable to find the Xpath mouseClick - //*[@id="identifierNext"]/div[2] - Message: element click intercepted: Element <div class="ZFr60d CeoRYc"></div> is not clickable at point (658, 492). Other element would receive the click: <span class="RveJvd snByac">...</span>
  (Session info: chrome=81.0.4044.129)

2020-05-06 15:53:41,356 - Inputhandler - INFO - Unable to find the Xpath mouseClick - //*[@id="identifierNext"]/div[2] - Message: element click intercepted: Element <div class="ZFr60d CeoRYc"></div> is not clickable at point (658, 492). Other element would receive the click: <span class="RveJvd snByac">...</span>
  (Session info: chrome=81.0.4044.129)

2020-05-06 15:53:41,893 - Inputhandler - INFO - Unable to find the Xpath mouseClickSendKeyandTab - //*[@id="password"]/div[1]/div/div[1]/input - Message: no such element: Unable to locate element: {"method":"xpath","selector":"//*[@id="password"]/div[1]/div/div[1]/input"}
  (Session info: chrome=81.0.4044.129)

2020-05-06 15:53:41,893 - Inputhandler - INFO - Unable to find the Xpath mouseClickSendKeyandTab - //*[@id="password"]/div[1]/div/div[1]/input - Message: no such element: Unable to locate element: {"method":"xpath","selector":"//*[@id="password"]/div[1]/div/div[1]/input"}
  (Session info: chrome=81.0.4044.129)

2020-05-06 15:53:41,893 - Inputhandler - INFO - Unable to find the Xpath mouseClickSendKeyandTab - //*[@id="password"]/div[1]/div/div[1]/input - Message: no such element: Unable to locate element: {"method":"xpath","selector":"//*[@id="password"]/div[1]/div/div[1]/input"}
  (Session info: chrome=81.0.4044.129)

2020-05-06 15:53:41,893 - Inputhandler - INFO - Unable to find the Xpath mouseClickSendKeyandTab - //*[@id="password"]/div[1]/div/div[1]/input - Message: no such element: Unable to locate element: {"method":"xpath","selector":"//*[@id="password"]/div[1]/div/div[1]/input"}
  (Session info: chrome=81.0.4044.129)

2020-05-06 15:53:41,893 - Inputhandler - INFO - Unable to find the Xpath mouseClickSendKeyandTab - //*[@id="password"]/div[1]/div/div[1]/input - Message: no such element: Unable to locate element: {"method":"xpath","selector":"//*[@id="password"]/div[1]/div/div[1]/input"}
  (Session info: chrome=81.0.4044.129)

2020-05-06 15:53:41,893 - Inputhandler - INFO - Unable to find the Xpath mouseClickSendKeyandTab - //*[@id="password"]/div[1]/div/div[1]/input - Message: no such element: Unable to locate element: {"method":"xpath","selector":"//*[@id="password"]/div[1]/div/div[1]/input"}
  (Session info: chrome=81.0.4044.129)

2020-05-06 15:53:41,893 - Inputhandler - INFO - Unable to find the Xpath mouseClickSendKeyandTab - //*[@id="password"]/div[1]/div/div[1]/input - Message: no such element: Unable to locate element: {"method":"xpath","selector":"//*[@id="password"]/div[1]/div/div[1]/input"}
  (Session info: chrome=81.0.4044.129)

2020-05-06 15:53:41,933 - Inputhandler - INFO - Unable to find the Xpath mouseClick - //*[@id="passwordNext"]/div[2] - Message: no such element: Unable to locate element: {"method":"xpath","selector":"//*[@id="passwordNext"]/div[2]"}
  (Session info: chrome=81.0.4044.129)

2020-05-06 15:53:41,933 - Inputhandler - INFO - Unable to find the Xpath mouseClick - //*[@id="passwordNext"]/div[2] - Message: no such element: Unable to locate element: {"method":"xpath","selector":"//*[@id="passwordNext"]/div[2]"}
  (Session info: chrome=81.0.4044.129)

2020-05-06 15:53:41,933 - Inputhandler - INFO - Unable to find the Xpath mouseClick - //*[@id="passwordNext"]/div[2] - Message: no such element: Unable to locate element: {"method":"xpath","selector":"//*[@id="passwordNext"]/div[2]"}
  (Session info: chrome=81.0.4044.129)

2020-05-06 15:53:41,933 - Inputhandler - INFO - Unable to find the Xpath mouseClick - //*[@id="passwordNext"]/div[2] - Message: no such element: Unable to locate element: {"method":"xpath","selector":"//*[@id="passwordNext"]/div[2]"}
  (Session info: chrome=81.0.4044.129)

2020-05-06 15:53:41,933 - Inputhandler - INFO - Unable to find the Xpath mouseClick - //*[@id="passwordNext"]/div[2] - Message: no such element: Unable to locate element: {"method":"xpath","selector":"//*[@id="passwordNext"]/div[2]"}
  (Session info: chrome=81.0.4044.129)

2020-05-06 15:53:41,933 - Inputhandler - INFO - Unable to find the Xpath mouseClick - //*[@id="passwordNext"]/div[2] - Message: no such element: Unable to locate element: {"method":"xpath","selector":"//*[@id="passwordNext"]/div[2]"}
  (Session info: chrome=81.0.4044.129)

2020-05-06 15:53:41,933 - Inputhandler - INFO - Unable to find the Xpath mouseClick - //*[@id="passwordNext"]/div[2] - Message: no such element: Unable to locate element: {"method":"xpath","selector":"//*[@id="passwordNext"]/div[2]"}
  (Session info: chrome=81.0.4044.129)

2020-05-06 15:55:02,816 - Inputhandler - INFO - Unable to find the Xpath mouseClick - //*[@id="identifierNext"]/div[2] - Message: element click intercepted: Element <div class="ZFr60d CeoRYc"></div> is not clickable at point (658, 492). Other element would receive the click: <span class="RveJvd snByac">...</span>
  (Session info: chrome=81.0.4044.129)

2020-05-06 15:55:02,816 - Inputhandler - INFO - Unable to find the Xpath mouseClick - //*[@id="identifierNext"]/div[2] - Message: element click intercepted: Element <div class="ZFr60d CeoRYc"></div> is not clickable at point (658, 492). Other element would receive the click: <span class="RveJvd snByac">...</span>
  (Session info: chrome=81.0.4044.129)

2020-05-06 15:55:02,816 - Inputhandler - INFO - Unable to find the Xpath mouseClick - //*[@id="identifierNext"]/div[2] - Message: element click intercepted: Element <div class="ZFr60d CeoRYc"></div> is not clickable at point (658, 492). Other element would receive the click: <span class="RveJvd snByac">...</span>
  (Session info: chrome=81.0.4044.129)

2020-05-06 15:55:02,816 - Inputhandler - INFO - Unable to find the Xpath mouseClick - //*[@id="identifierNext"]/div[2] - Message: element click intercepted: Element <div class="ZFr60d CeoRYc"></div> is not clickable at point (658, 492). Other element would receive the click: <span class="RveJvd snByac">...</span>
  (Session info: chrome=81.0.4044.129)

2020-05-06 15:55:02,816 - Inputhandler - INFO - Unable to find the Xpath mouseClick - //*[@id="identifierNext"]/div[2] - Message: element click intercepted: Element <div class="ZFr60d CeoRYc"></div> is not clickable at point (658, 492). Other element would receive the click: <span class="RveJvd snByac">...</span>
  (Session info: chrome=81.0.4044.129)

2020-05-06 15:55:02,816 - Inputhandler - INFO - Unable to find the Xpath mouseClick - //*[@id="identifierNext"]/div[2] - Message: element click intercepted: Element <div class="ZFr60d CeoRYc"></div> is not clickable at point (658, 492). Other element would receive the click: <span class="RveJvd snByac">...</span>
  (Session info: chrome=81.0.4044.129)

2020-05-06 15:55:02,816 - Inputhandler - INFO - Unable to find the Xpath mouseClick - //*[@id="identifierNext"]/div[2] - Message: element click intercepted: Element <div class="ZFr60d CeoRYc"></div> is not clickable at point (658, 492). Other element would receive the click: <span class="RveJvd snByac">...</span>
  (Session info: chrome=81.0.4044.129)

2020-05-06 15:55:03,331 - Inputhandler - INFO - Unable to find the Xpath mouseClickSendKeyandTab - //*[@id="password"]/div[1]/div/div[1]/input - Message: no such element: Unable to locate element: {"method":"xpath","selector":"//*[@id="password"]/div[1]/div/div[1]/input"}
  (Session info: chrome=81.0.4044.129)

2020-05-06 15:55:03,331 - Inputhandler - INFO - Unable to find the Xpath mouseClickSendKeyandTab - //*[@id="password"]/div[1]/div/div[1]/input - Message: no such element: Unable to locate element: {"method":"xpath","selector":"//*[@id="password"]/div[1]/div/div[1]/input"}
  (Session info: chrome=81.0.4044.129)

2020-05-06 15:55:03,331 - Inputhandler - INFO - Unable to find the Xpath mouseClickSendKeyandTab - //*[@id="password"]/div[1]/div/div[1]/input - Message: no such element: Unable to locate element: {"method":"xpath","selector":"//*[@id="password"]/div[1]/div/div[1]/input"}
  (Session info: chrome=81.0.4044.129)

2020-05-06 15:55:03,331 - Inputhandler - INFO - Unable to find the Xpath mouseClickSendKeyandTab - //*[@id="password"]/div[1]/div/div[1]/input - Message: no such element: Unable to locate element: {"method":"xpath","selector":"//*[@id="password"]/div[1]/div/div[1]/input"}
  (Session info: chrome=81.0.4044.129)

2020-05-06 15:55:03,331 - Inputhandler - INFO - Unable to find the Xpath mouseClickSendKeyandTab - //*[@id="password"]/div[1]/div/div[1]/input - Message: no such element: Unable to locate element: {"method":"xpath","selector":"//*[@id="password"]/div[1]/div/div[1]/input"}
  (Session info: chrome=81.0.4044.129)

2020-05-06 15:55:03,331 - Inputhandler - INFO - Unable to find the Xpath mouseClickSendKeyandTab - //*[@id="password"]/div[1]/div/div[1]/input - Message: no such element: Unable to locate element: {"method":"xpath","selector":"//*[@id="password"]/div[1]/div/div[1]/input"}
  (Session info: chrome=81.0.4044.129)

2020-05-06 15:55:03,331 - Inputhandler - INFO - Unable to find the Xpath mouseClickSendKeyandTab - //*[@id="password"]/div[1]/div/div[1]/input - Message: no such element: Unable to locate element: {"method":"xpath","selector":"//*[@id="password"]/div[1]/div/div[1]/input"}
  (Session info: chrome=81.0.4044.129)

2020-05-06 15:55:03,352 - Inputhandler - INFO - Unable to find the Xpath mouseClick - //*[@id="passwordNext"]/div[2] - Message: no such element: Unable to locate element: {"method":"xpath","selector":"//*[@id="passwordNext"]/div[2]"}
  (Session info: chrome=81.0.4044.129)

2020-05-06 15:55:03,352 - Inputhandler - INFO - Unable to find the Xpath mouseClick - //*[@id="passwordNext"]/div[2] - Message: no such element: Unable to locate element: {"method":"xpath","selector":"//*[@id="passwordNext"]/div[2]"}
  (Session info: chrome=81.0.4044.129)

2020-05-06 15:55:03,352 - Inputhandler - INFO - Unable to find the Xpath mouseClick - //*[@id="passwordNext"]/div[2] - Message: no such element: Unable to locate element: {"method":"xpath","selector":"//*[@id="passwordNext"]/div[2]"}
  (Session info: chrome=81.0.4044.129)

2020-05-06 15:55:03,352 - Inputhandler - INFO - Unable to find the Xpath mouseClick - //*[@id="passwordNext"]/div[2] - Message: no such element: Unable to locate element: {"method":"xpath","selector":"//*[@id="passwordNext"]/div[2]"}
  (Session info: chrome=81.0.4044.129)

2020-05-06 15:55:03,352 - Inputhandler - INFO - Unable to find the Xpath mouseClick - //*[@id="passwordNext"]/div[2] - Message: no such element: Unable to locate element: {"method":"xpath","selector":"//*[@id="passwordNext"]/div[2]"}
  (Session info: chrome=81.0.4044.129)

2020-05-06 15:55:03,352 - Inputhandler - INFO - Unable to find the Xpath mouseClick - //*[@id="passwordNext"]/div[2] - Message: no such element: Unable to locate element: {"method":"xpath","selector":"//*[@id="passwordNext"]/div[2]"}
  (Session info: chrome=81.0.4044.129)

2020-05-06 15:55:03,352 - Inputhandler - INFO - Unable to find the Xpath mouseClick - //*[@id="passwordNext"]/div[2] - Message: no such element: Unable to locate element: {"method":"xpath","selector":"//*[@id="passwordNext"]/div[2]"}
  (Session info: chrome=81.0.4044.129)

